#
# A fatal error has been detected by the Java Runtime Environment:
#
#  SIGSEGV (0xb) at pc=0x000000011753589e, pid=1542, tid=142087
#
# JRE version: Java(TM) SE Runtime Environment (8.0_65-b17) (build 1.8.0_65-b17)
# Java VM: Java HotSpot(TM) 64-Bit Server VM (25.65-b01 mixed mode bsd-amd64 compressed oops)
# Problematic frame:
# C  [libjfxmedia_avf.dylib+0x789e]  _ZN18AVFKernelComponent18ProcessBufferListsERjRK15AudioBufferListRS1_j+0x22
#
# Failed to write core dump. Core dumps have been disabled. To enable core dumping, try "ulimit -c unlimited" before starting Java again
#
# If you would like to submit a bug report, please visit:
#   http://bugreport.java.com/bugreport/crash.jsp
#

---------------  T H R E A D  ---------------

Current thread is native thread

siginfo: si_signo: 11 (SIGSEGV), si_code: 0 (unknown), si_addr: 0x0000000000000000

Registers:
RAX=0x6000000000000000, RBX=0x0000700005f01a54, RCX=0x00007ff612127f20, RDX=0x00007ff612127f50
RSP=0x0000700005f017a0, RBP=0x0000700005f017a0, RSI=0x0000700005f01a54, RDI=0x00007ff60d46d530
R8 =0x0000000000001000, R9 =0x0000700005f015b7, R10=0x0000000117550290, R11=0xffffffffffffffd0
R12=0x00007ff61211e290, R13=0x00007ff612127f50, R14=0x000000011753587c, R15=0x0000000000001000
RIP=0x000000011753589e, EFLAGS=0x0000000000010206, ERR=0x0000000000000000
  TRAPNO=0x000000000000000d

Top of Stack: (sp=0x0000700005f017a0)
0x0000700005f017a0:   0000700005f01800 000000011753eaf2
0x0000700005f017b0:   0000000000000000 0000700005f01a54
0x0000700005f017c0:   0000000000000000 0000000000000000
0x0000700005f017d0:   0000000000000000 0000700005f01a54
0x0000700005f017e0:   00007ff61211e290 00007ff6121176b0
0x0000700005f017f0:   00007ff6121071c0 0000000000001000
0x0000700005f01800:   0000700005f01850 00000001175393a9
0x0000700005f01810:   0000000000000000 0000700005f01a78
0x0000700005f01820:   0000000000000000 0000000000009fe0
0x0000700005f01830:   00007ff6121176b0 00000000ffffffce
0x0000700005f01840:   0000000000001000 00007ff61211e290
0x0000700005f01850:   0000700005f018c0 00000001175379e1
0x0000700005f01860:   00007ff6121071c0 00009fe0bd31e257
0x0000700005f01870:   0000700005f01a54 0000700005f01a78
0x0000700005f01880:   0000000005f018e0 00007ff6121071c0
0x0000700005f01890:   00009fe000000000 00000000ffffffce
0x0000700005f018a0:   0000700005f01a54 0000000000000000
0x0000700005f018b0:   0000000000001000 0000700005f01a78
0x0000700005f018c0:   0000700005f018e0 000000011753b9d6
0x0000700005f018d0:   00000000fffffffc 00007ff612117880
0x0000700005f018e0:   0000700005f01920 000000011753a7b7
0x0000700005f018f0:   00007ff612117880 0000700005f01a78
0x0000700005f01900:   00007ff612111b00 00000000ffffd584
0x0000700005f01910:   0000700005f01a54 0000000000001000
0x0000700005f01920:   0000700005f01980 000000011753e930
0x0000700005f01930:   0000000000000000 0000700005f01a54
0x0000700005f01940:   0000000000000000 0000000000000000
0x0000700005f01950:   0000000000000000 0000700005f01a54
0x0000700005f01960:   00007ff612111b00 00007ff612111ce0
0x0000700005f01970:   00007ff60d5d10a8 0000000000001000
0x0000700005f01980:   0000700005f019d0 00000001175393a9
0x0000700005f01990:   0000000000000000 0000700005f01a78 

Instructions: (pc=0x000000011753589e)
0x000000011753587e:   89 e5 80 bf d0 01 00 00 00 74 06 5d e9 bf 92 00
0x000000011753588e:   00 48 8b bf d8 01 00 00 48 85 ff 74 0a 48 8b 07
0x000000011753589e:   48 8b 40 28 5d ff e0 31 c0 5d c3 90 55 48 89 e5
0x00000001175358ae:   41 57 41 56 41 55 41 54 53 50 4d 89 c6 41 89 d5 

Register to memory mapping:

RAX=0x6000000000000000 is an unknown value
RBX=0x0000700005f01a54 is an unknown value
RCX=0x00007ff612127f20 is an unknown value
RDX=0x00007ff612127f50 is an unknown value
RSP=0x0000700005f017a0 is an unknown value
RBP=0x0000700005f017a0 is an unknown value
RSI=0x0000700005f01a54 is an unknown value
RDI=0x00007ff60d46d530 is an unknown value
R8 =0x0000000000001000 is an unknown value
R9 =0x0000700005f015b7 is an unknown value
R10=0x0000000117550290: _ZTV18AVFEqualizerKernel+0x10 in /Library/Java/JavaVirtualMachines/jdk1.8.0_65.jdk/Contents/Home/jre/lib/libjfxmedia_avf.dylib at 0x000000011752e000
R11=0xffffffffffffffd0 is an unknown value
R12=0x00007ff61211e290 is an unknown value
R13=0x00007ff612127f50 is an unknown value
R14=0x000000011753587c: _ZN18AVFKernelComponent18ProcessBufferListsERjRK15AudioBufferListRS1_j+0 in /Library/Java/JavaVirtualMachines/jdk1.8.0_65.jdk/Contents/Home/jre/lib/libjfxmedia_avf.dylib at 0x000000011752e000
R15=0x0000000000001000 is an unknown value


Stack: [0x0000700005e82000,0x0000700005f02000],  sp=0x0000700005f017a0,  free space=509k
Native frames: (J=compiled Java code, j=interpreted, Vv=VM code, C=native code)
C  [libjfxmedia_avf.dylib+0x789e]  _ZN18AVFKernelComponent18ProcessBufferListsERjRK15AudioBufferListRS1_j+0x22
C  [libjfxmedia_avf.dylib+0x10af2]  _ZN12AUEffectBase6RenderERjRK14AudioTimeStampj+0x240
C  [libjfxmedia_avf.dylib+0xb3a9]  _ZN6AUBase11DoRenderBusERjRK14AudioTimeStampjP15AUOutputElementjR15AudioBufferList+0xa9
C  [libjfxmedia_avf.dylib+0x99e1]  _ZN6AUBase8DoRenderERjRK14AudioTimeStampjjR15AudioBufferList+0x1b9
C  [libjfxmedia_avf.dylib+0xd9d6]  _ZL14AUMethodRenderPvPjPK14AudioTimeStampjjP15AudioBufferList+0x2e
C  [libjfxmedia_avf.dylib+0xc7b7]  _ZN14AUInputElement9PullInputERjRK14AudioTimeStampjj+0x8d
C  [libjfxmedia_avf.dylib+0x10930]  _ZN12AUEffectBase6RenderERjRK14AudioTimeStampj+0x7e
C  [libjfxmedia_avf.dylib+0xb3a9]  _ZN6AUBase11DoRenderBusERjRK14AudioTimeStampjP15AUOutputElementjR15AudioBufferList+0xa9
C  [libjfxmedia_avf.dylib+0x99e1]  _ZN6AUBase8DoRenderERjRK14AudioTimeStampjjR15AudioBufferList+0x1b9
C  [libjfxmedia_avf.dylib+0xd9d6]  _ZL14AUMethodRenderPvPjPK14AudioTimeStampjjP15AudioBufferList+0x2e
C  [libjfxmedia_avf.dylib+0x54f1]  _ZL15ProcessAudioTapPKvljP15AudioBufferListPlPj+0x63
C  [MediaToolbox+0x37140d]  MTAudioProcessingTapGetSourceAudio+0x852
C  [AudioToolbox+0xe4229]  _Z25AQClientCallProcessingTapPvjP14AudioTimeStampPjS2_P15AudioBufferListidjdjPKhj+0x5d
C  [AudioToolbox+0x16af0e]  _ZN15AQProcessingTap9DoCalloutERjR14AudioTimeStampS0_R15AudioBufferList+0xbc
C  [AudioToolbox+0x16ad0d]  _ZN16AudioQueueObject18PerformTapInternalER14AudioTimeStampRjS2_+0x85
C  [AudioToolbox+0x16ac13]  _ZN16AudioQueueObject20PerformProcessingTapEPFiPvRjRK14AudioTimeStampjR15AudioBufferListRdS1_ES0_RS2_S1_S6_S1_+0xc5
C  [AudioToolbox+0x176227]  _ZN14MEMixerChannel13TapDownstreamEPvPjPK14AudioTimeStampjjP15AudioBufferList+0x81
C  [CoreAudio+0x10cea5]  _ZN14AUInputElement9PullInputERjRK14AudioTimeStampjj+0xb9
C  [CoreAudio+0x5f524]  _ZN18AUDeferredRenderer7ProduceEv+0x240
C  [CoreAudio+0x5f25b]  _ZN18AUDeferredRenderer18ProducerThreadProcEv+0x31
C  [CoreAudio+0x5ec5b]  _ZN18AUDeferredRenderer18ProducerThreadProcEPv+0x1f
C  [CoreAudio+0x123695]  _ZN9CAPThread5EntryEPS_+0x55
C  [libsystem_pthread.dylib+0x39af]  _pthread_body+0xb4
C  [libsystem_pthread.dylib+0x38fb]  _pthread_body+0x0
C  [libsystem_pthread.dylib+0x3101]  thread_start+0xd


---------------  P R O C E S S  ---------------

VM state:at safepoint (normal execution)

VM Mutex/Monitor currently owned by a thread:  ([mutex/lock_event])
[0x00007ff60d601ea0] Threads_lock - owner thread: 0x00007ff60f00e800
[0x00007ff60d6023a0] Heap_lock - owner thread: 0x00007ff60d809800

Heap:
 PSYoungGen      total 18944K, used 7320K [0x00000007aab00000, 0x00000007ac000000, 0x00000007c0000000)
  eden space 16384K, 29% used [0x00000007aab00000,0x00000007aafa9748,0x00000007abb00000)
  from space 2560K, 99% used [0x00000007abd80000,0x00000007abffc9d8,0x00000007ac000000)
  to   space 2560K, 0% used [0x00000007abb00000,0x00000007abb00000,0x00000007abd80000)
 ParOldGen       total 44032K, used 5541K [0x0000000780000000, 0x0000000782b00000, 0x00000007aab00000)
  object space 44032K, 12% used [0x0000000780000000,0x0000000780569528,0x0000000782b00000)
 Metaspace       used 16487K, capacity 17248K, committed 17536K, reserved 1064960K
  class space    used 2188K, capacity 2355K, committed 2432K, reserved 1048576K

Card table byte_map: [0x000000010df5a000,0x000000010e15b000] byte_map_base: 0x000000010a35a000

Marking Bits: (ParMarkBitMap*) 0x000000010d4dee20
 Begin Bits: [0x000000010e2b1000, 0x000000010f2b1000)
 End Bits:   [0x000000010f2b1000, 0x00000001102b1000)

Polling page: 0x000000010c3fc000

CodeCache: size=245760Kb used=6831Kb max_used=6833Kb free=238928Kb
 bounds [0x0000000119ea5000, 0x000000011a555000, 0x0000000128ea5000]
 total_blobs=2994 nmethods=2339 adapters=567
 compilation: enabled

Compilation events (10 events):
Event: 12.133 Thread 0x00007ff60e01b800 nmethod 2335 0x000000011a542810 code [0x000000011a542980, 0x000000011a542bb0]
Event: 12.133 Thread 0x00007ff60e01b800 2336       3       java.lang.invoke.MethodHandleNatives::refKindHasReceiver (33 bytes)
Event: 12.133 Thread 0x00007ff60e01b800 nmethod 2336 0x000000011a542490 code [0x000000011a542600, 0x000000011a5427b0]
Event: 12.134 Thread 0x00007ff60e01b800 2337       3       sun.invoke.util.BytecodeDescriptor::unparseMethod (68 bytes)
Event: 12.135 Thread 0x00007ff60e01b800 nmethod 2337 0x000000011a540b90 code [0x000000011a540de0, 0x000000011a541cb8]
Event: 12.145 Thread 0x00007ff60e01b800 2338       3       java.lang.invoke.InnerClassLambdaMetafactory::getOpcodeOffset (38 bytes)
Event: 12.145 Thread 0x00007ff60e01b800 nmethod 2338 0x000000011a540610 code [0x000000011a5407a0, 0x000000011a540ae8]
Event: 12.151 Thread 0x00007ff60e01b800 2339       3       java.lang.invoke.MethodType::changeReturnType (20 bytes)
Event: 12.151 Thread 0x00007ff60e01b800 nmethod 2339 0x000000011a540190 code [0x000000011a540300, 0x000000011a540588]
Event: 12.151 Thread 0x00007ff60e01b800 2340       3       java.lang.invoke.TypeConvertingMethodAdapter::convertType (299 bytes)

GC Heap History (8 events):
Event: 1.136 GC heap before
{Heap before GC invocations=1 (full 0):
 PSYoungGen      total 18944K, used 16384K [0x00000007aab00000, 0x00000007ac000000, 0x00000007c0000000)
  eden space 16384K, 100% used [0x00000007aab00000,0x00000007abb00000,0x00000007abb00000)
  from space 2560K, 0% used [0x00000007abd80000,0x00000007abd80000,0x00000007ac000000)
  to   space 2560K, 0% used [0x00000007abb00000,0x00000007abb00000,0x00000007abd80000)
 ParOldGen       total 44032K, used 0K [0x0000000780000000, 0x0000000782b00000, 0x00000007aab00000)
  object space 44032K, 0% used [0x0000000780000000,0x0000000780000000,0x0000000782b00000)
 Metaspace       used 9516K, capacity 9858K, committed 10112K, reserved 1058816K
  class space    used 1186K, capacity 1295K, committed 1408K, reserved 1048576K
Event: 1.145 GC heap after
Heap after GC invocations=1 (full 0):
 PSYoungGen      total 18944K, used 2528K [0x00000007aab00000, 0x00000007ac000000, 0x00000007c0000000)
  eden space 16384K, 0% used [0x00000007aab00000,0x00000007aab00000,0x00000007abb00000)
  from space 2560K, 98% used [0x00000007abb00000,0x00000007abd78050,0x00000007abd80000)
  to   space 2560K, 0% used [0x00000007abd80000,0x00000007abd80000,0x00000007ac000000)
 ParOldGen       total 44032K, used 256K [0x0000000780000000, 0x0000000782b00000, 0x00000007aab00000)
  object space 44032K, 0% used [0x0000000780000000,0x0000000780040000,0x0000000782b00000)
 Metaspace       used 9516K, capacity 9858K, committed 10112K, reserved 1058816K
  class space    used 1186K, capacity 1295K, committed 1408K, reserved 1048576K
}
Event: 1.861 GC heap before
{Heap before GC invocations=2 (full 0):
 PSYoungGen      total 18944K, used 18912K [0x00000007aab00000, 0x00000007ac000000, 0x00000007c0000000)
  eden space 16384K, 100% used [0x00000007aab00000,0x00000007abb00000,0x00000007abb00000)
  from space 2560K, 98% used [0x00000007abb00000,0x00000007abd78050,0x00000007abd80000)
  to   space 2560K, 0% used [0x00000007abd80000,0x00000007abd80000,0x00000007ac000000)
 ParOldGen       total 44032K, used 256K [0x0000000780000000, 0x0000000782b00000, 0x00000007aab00000)
  object space 44032K, 0% used [0x0000000780000000,0x0000000780040000,0x0000000782b00000)
 Metaspace       used 13514K, capacity 14050K, committed 14336K, reserved 1060864K
  class space    used 1843K, capacity 1986K, committed 2048K, reserved 1048576K
Event: 1.871 GC heap after
Heap after GC invocations=2 (full 0):
 PSYoungGen      total 18944K, used 2528K [0x00000007aab00000, 0x00000007ad000000, 0x00000007c0000000)
  eden space 16384K, 0% used [0x00000007aab00000,0x00000007aab00000,0x00000007abb00000)
  from space 2560K, 98% used [0x00000007abd80000,0x00000007abff8040,0x00000007ac000000)
  to   space 2560K, 0% used [0x00000007abb00000,0x00000007abb00000,0x00000007abd80000)
 ParOldGen       total 44032K, used 1168K [0x0000000780000000, 0x0000000782b00000, 0x00000007aab00000)
  object space 44032K, 2% used [0x0000000780000000,0x0000000780124010,0x0000000782b00000)
 Metaspace       used 13514K, capacity 14050K, committed 14336K, reserved 1060864K
  class space    used 1843K, capacity 1986K, committed 2048K, reserved 1048576K
}
Event: 6.020 GC heap before
{Heap before GC invocations=3 (full 0):
 PSYoungGen      total 18944K, used 18912K [0x00000007aab00000, 0x00000007ad000000, 0x00000007c0000000)
  eden space 16384K, 100% used [0x00000007aab00000,0x00000007abb00000,0x00000007abb00000)
  from space 2560K, 98% used [0x00000007abd80000,0x00000007abff8040,0x00000007ac000000)
  to   space 2560K, 0% used [0x00000007abb00000,0x00000007abb00000,0x00000007abd80000)
 ParOldGen       total 44032K, used 1168K [0x0000000780000000, 0x0000000782b00000, 0x00000007aab00000)
  object space 44032K, 2% used [0x0000000780000000,0x0000000780124010,0x0000000782b00000)
 Metaspace       used 15957K, capacity 16736K, committed 17024K, reserved 1064960K
  class space    used 2178K, capacity 2343K, committed 2432K, reserved 1048576K
Event: 6.029 GC heap after
Heap after GC invocations=3 (full 0):
 PSYoungGen      total 18944K, used 2546K [0x00000007aab00000, 0x00000007ac000000, 0x00000007c0000000)
  eden space 16384K, 0% used [0x00000007aab00000,0x00000007aab00000,0x00000007abb00000)
  from space 2560K, 99% used [0x00000007abb00000,0x00000007abd7c9f8,0x00000007abd80000)
  to   space 2560K, 0% used [0x00000007abd80000,0x00000007abd80000,0x00000007ac000000)
 ParOldGen       total 44032K, used 5476K [0x0000000780000000, 0x0000000782b00000, 0x00000007aab00000)
  object space 44032K, 12% used [0x0000000780000000,0x0000000780559360,0x0000000782b00000)
 Metaspace       used 15957K, capacity 16736K, committed 17024K, reserved 1064960K
  class space    used 2178K, capacity 2343K, committed 2432K, reserved 1048576K
}
Event: 10.083 GC heap before
{Heap before GC invocations=4 (full 0):
 PSYoungGen      total 18944K, used 18930K [0x00000007aab00000, 0x00000007ac000000, 0x00000007c0000000)
  eden space 16384K, 100% used [0x00000007aab00000,0x00000007abb00000,0x00000007abb00000)
  from space 2560K, 99% used [0x00000007abb00000,0x00000007abd7c9f8,0x00000007abd80000)
  to   space 2560K, 0% used [0x00000007abd80000,0x00000007abd80000,0x00000007ac000000)
 ParOldGen       total 44032K, used 5477K [0x0000000780000000, 0x0000000782b00000, 0x00000007aab00000)
  object space 44032K, 12% used [0x0000000780000000,0x00000007805594d8,0x0000000782b00000)
 Metaspace       used 16343K, capacity 17064K, committed 17280K, reserved 1064960K
  class space    used 2178K, capacity 2343K, committed 2432K, reserved 1048576K
Event: 10.093 GC heap after
Heap after GC invocations=4 (full 0):
 PSYoungGen      total 18944K, used 2546K [0x00000007aab00000, 0x00000007ac000000, 0x00000007c0000000)
  eden space 16384K, 0% used [0x00000007aab00000,0x00000007aab00000,0x00000007abb00000)
  from space 2560K, 99% used [0x00000007abd80000,0x00000007abffc9d8,0x00000007ac000000)
  to   space 2560K, 0% used [0x00000007abb00000,0x00000007abb00000,0x00000007abd80000)
 ParOldGen       total 44032K, used 5541K [0x0000000780000000, 0x0000000782b00000, 0x00000007aab00000)
  object space 44032K, 12% used [0x0000000780000000,0x0000000780569528,0x0000000782b00000)
 Metaspace       used 16343K, capacity 17064K, committed 17280K, reserved 1064960K
  class space    used 2178K, capacity 2343K, committed 2432K, reserved 1048576K
}

Deoptimization events (10 events):
Event: 1.768 Thread 0x00007ff60e9bc000 Uncommon trap: reason=class_check action=maybe_recompile pc=0x000000011a0ff1c4 method=java.io.DataInputStream.readShort()S @ 4
Event: 1.769 Thread 0x00007ff60e9bc000 Uncommon trap: reason=class_check action=maybe_recompile pc=0x000000011a0ff1c4 method=java.io.DataInputStream.readShort()S @ 4
Event: 1.769 Thread 0x00007ff60e9bc000 Uncommon trap: reason=class_check action=maybe_recompile pc=0x000000011a0ff1c4 method=java.io.DataInputStream.readShort()S @ 4
Event: 1.781 Thread 0x00007ff60e9bc000 Uncommon trap: reason=class_check action=maybe_recompile pc=0x0000000119fbc99c method=java.lang.String.equals(Ljava/lang/Object;)Z @ 8
Event: 1.781 Thread 0x00007ff60e9bc000 Uncommon trap: reason=class_check action=maybe_recompile pc=0x0000000119fbc99c method=java.lang.String.equals(Ljava/lang/Object;)Z @ 8
Event: 1.781 Thread 0x00007ff60e9bc000 Uncommon trap: reason=class_check action=maybe_recompile pc=0x0000000119fbc99c method=java.lang.String.equals(Ljava/lang/Object;)Z @ 8
Event: 1.851 Thread 0x00007ff60e9bc000 Uncommon trap: reason=class_check action=maybe_recompile pc=0x0000000119fbc99c method=java.lang.String.equals(Ljava/lang/Object;)Z @ 8
Event: 2.290 Thread 0x00007ff60e9bc000 Uncommon trap: reason=unstable_if action=reinterpret pc=0x000000011a0df820 method=java.lang.CharacterData.of(I)Ljava/lang/CharacterData; @ 4
Event: 4.141 Thread 0x00007ff60e9bc000 Uncommon trap: reason=unstable_if action=reinterpret pc=0x000000011a19ac84 method=jdk.internal.org.objectweb.asm.Type.getArgumentsAndReturnSizes(Ljava/lang/String;)I @ 47
Event: 5.764 Thread 0x00007ff60e9bc000 Uncommon trap: reason=unstable_if action=reinterpret pc=0x000000011a27c470 method=java.util.HashMap.isEmpty()Z @ 4

Internal exceptions (10 events):
Event: 0.268 Thread 0x00007ff60d809800 Exception <a 'java/lang/NullPointerException'> (0x00000007aadb7e58) thrown at [/Users/java_re/workspace/8-2-build-macosx-x86_64/jdk8u65/4987/hotspot/src/share/vm/interpreter/linkResolver.cpp, line 1178]
Event: 0.938 Thread 0x00007ff60e9bc000 Exception <a 'java/lang/NullPointerException'> (0x00000007ab6cff08) thrown at [/Users/java_re/workspace/8-2-build-macosx-x86_64/jdk8u65/4987/hotspot/src/share/vm/interpreter/linkResolver.cpp, line 1178]
Event: 0.939 Thread 0x00007ff60e9bc000 Exception <a 'java/lang/NullPointerException'> (0x00000007ab6cff08) thrown at [/Users/java_re/workspace/8-2-build-macosx-x86_64/jdk8u65/4987/hotspot/src/share/vm/prims/jvm.cpp, line 1390]
Event: 1.037 Thread 0x00007ff60e9bc000 Exception <a 'java/lang/ArrayIndexOutOfBoundsException'> (0x00000007ab8c6158) thrown at [/Users/java_re/workspace/8-2-build-macosx-x86_64/jdk8u65/4987/hotspot/src/share/vm/runtime/sharedRuntime.cpp, line 605]
Event: 1.038 Thread 0x00007ff60e9bc000 Exception <a 'java/lang/ArrayIndexOutOfBoundsException'> (0x00000007ab8c6c70) thrown at [/Users/java_re/workspace/8-2-build-macosx-x86_64/jdk8u65/4987/hotspot/src/share/vm/runtime/sharedRuntime.cpp, line 605]
Event: 1.039 Thread 0x00007ff60e9bc000 Exception <a 'java/lang/ArrayIndexOutOfBoundsException'> (0x00000007ab8c8018) thrown at [/Users/java_re/workspace/8-2-build-macosx-x86_64/jdk8u65/4987/hotspot/src/share/vm/runtime/sharedRuntime.cpp, line 605]
Event: 1.232 Thread 0x00007ff60e9bc000 Implicit null exception at 0x000000011a11a9f5 to 0x000000011a11ad6d
Event: 1.232 Thread 0x00007ff60e9bc000 Implicit null exception at 0x000000011a0aa5b5 to 0x000000011a0aa909
Event: 1.290 Thread 0x00007ff60e9bc000 Exception <a 'java/lang/NullPointerException'> (0x00000007aadd49b8) thrown at [/Users/java_re/workspace/8-2-build-macosx-x86_64/jdk8u65/4987/hotspot/src/share/vm/interpreter/linkResolver.cpp, line 1280]
Event: 1.619 Thread 0x00007ff60e9bc000 Implicit null exception at 0x000000011a1661b5 to 0x000000011a1663ed

Events (10 events):
Event: 12.158 Thread 0x00007ff60d809800 Thread added: 0x00007ff60d809800
Event: 12.158 Thread 0x00007ff60e9bc000 Thread exited: 0x00007ff60e9bc000
Event: 12.158 loading class java/util/IdentityHashMap$KeySet
Event: 12.158 loading class java/util/IdentityHashMap$KeySet done
Event: 12.158 loading class java/util/IdentityHashMap$KeyIterator
Event: 12.158 loading class java/util/IdentityHashMap$IdentityHashMapIterator
Event: 12.158 loading class java/util/IdentityHashMap$IdentityHashMapIterator done
Event: 12.158 loading class java/util/IdentityHashMap$KeyIterator done
Event: 12.158 Thread 0x00007ff60d809800 Thread exited: 0x00007ff60d809800
Event: 12.158 Thread 0x00007ff60e831000 Thread exited: 0x00007ff60e831000


Dynamic libraries:
0x0000000048ea9000 	/System/Library/Frameworks/Cocoa.framework/Versions/A/Cocoa
0x0000000048ea9000 	/System/Library/Frameworks/Security.framework/Versions/A/Security
0x0000000048ea9000 	/System/Library/Frameworks/ApplicationServices.framework/Versions/A/ApplicationServices
0x0000000048ea9000 	/usr/lib/libz.1.dylib
0x0000000048ea9000 	/usr/lib/libSystem.B.dylib
0x0000000048ea9000 	/usr/lib/libobjc.A.dylib
0x0000000048ea9000 	/System/Library/Frameworks/CoreFoundation.framework/Versions/A/CoreFoundation
0x0000000048ea9000 	/System/Library/Frameworks/Foundation.framework/Versions/C/Foundation
0x0000000048ea9000 	/System/Library/Frameworks/AppKit.framework/Versions/C/AppKit
0x0000000048ea9000 	/System/Library/Frameworks/CoreData.framework/Versions/A/CoreData
0x0000000048ea9000 	/System/Library/PrivateFrameworks/RemoteViewServices.framework/Versions/A/RemoteViewServices
0x0000000048ea9000 	/System/Library/PrivateFrameworks/UIFoundation.framework/Versions/A/UIFoundation
0x0000000048ea9000 	/System/Library/PrivateFrameworks/DFRFoundation.framework/Versions/A/DFRFoundation
0x0000000048ea9000 	/usr/lib/libenergytrace.dylib
0x0000000048ea9000 	/System/Library/PrivateFrameworks/SkyLight.framework/Versions/A/SkyLight
0x0000000048ea9000 	/System/Library/Frameworks/CoreGraphics.framework/Versions/A/CoreGraphics
0x0000000048ea9000 	/usr/lib/libScreenReader.dylib
0x0000000048ea9000 	/System/Library/Frameworks/Accelerate.framework/Versions/A/Accelerate
0x0000000048ea9000 	/System/Library/Frameworks/IOSurface.framework/Versions/A/IOSurface
0x0000000048ea9000 	/System/Library/Frameworks/AudioToolbox.framework/Versions/A/AudioToolbox
0x0000000048ea9000 	/System/Library/Frameworks/AudioUnit.framework/Versions/A/AudioUnit
0x0000000048ea9000 	/System/Library/PrivateFrameworks/DataDetectorsCore.framework/Versions/A/DataDetectorsCore
0x0000000048ea9000 	/System/Library/PrivateFrameworks/DesktopServicesPriv.framework/Versions/A/DesktopServicesPriv
0x0000000048ea9000 	/System/Library/Frameworks/Carbon.framework/Versions/A/Frameworks/HIToolbox.framework/Versions/A/HIToolbox
0x0000000048ea9000 	/usr/lib/libicucore.A.dylib
0x0000000048ea9000 	/System/Library/Frameworks/QuartzCore.framework/Versions/A/QuartzCore
0x0000000048ea9000 	/System/Library/Frameworks/Carbon.framework/Versions/A/Frameworks/SpeechRecognition.framework/Versions/A/SpeechRecognition
0x0000000048ea9000 	/usr/lib/libauto.dylib
0x0000000048ea9000 	/usr/lib/libxml2.2.dylib
0x0000000048ea9000 	/System/Library/PrivateFrameworks/CoreUI.framework/Versions/A/CoreUI
0x0000000048ea9000 	/System/Library/Frameworks/CoreAudio.framework/Versions/A/CoreAudio
0x0000000048ea9000 	/System/Library/Frameworks/DiskArbitration.framework/Versions/A/DiskArbitration
0x0000000048ea9000 	/usr/lib/liblangid.dylib
0x0000000048ea9000 	/System/Library/PrivateFrameworks/MultitouchSupport.framework/Versions/A/MultitouchSupport
0x0000000048ea9000 	/System/Library/Frameworks/IOKit.framework/Versions/A/IOKit
0x0000000048ea9000 	/usr/lib/libDiagnosticMessagesClient.dylib
0x0000000048ea9000 	/System/Library/Frameworks/CoreServices.framework/Versions/A/CoreServices
0x0000000048ea9000 	/System/Library/PrivateFrameworks/PerformanceAnalysis.framework/Versions/A/PerformanceAnalysis
0x0000000048ea9000 	/System/Library/PrivateFrameworks/GenerationalStorage.framework/Versions/A/GenerationalStorage
0x0000000048ea9000 	/System/Library/Frameworks/OpenGL.framework/Versions/A/OpenGL
0x0000000048ea9000 	/System/Library/Frameworks/CoreImage.framework/Versions/A/CoreImage
0x0000000048ea9000 	/System/Library/Frameworks/CoreText.framework/Versions/A/CoreText
0x0000000048ea9000 	/System/Library/Frameworks/ImageIO.framework/Versions/A/ImageIO
0x0000000048ea9000 	/System/Library/PrivateFrameworks/Backup.framework/Versions/A/Backup
0x0000000048ea9000 	/usr/lib/libarchive.2.dylib
0x0000000048ea9000 	/System/Library/Frameworks/CFNetwork.framework/Versions/A/CFNetwork
0x0000000048ea9000 	/System/Library/Frameworks/SystemConfiguration.framework/Versions/A/SystemConfiguration
0x0000000048ea9000 	/usr/lib/libCRFSuite.dylib
0x0000000048ea9000 	/usr/lib/libc++.1.dylib
0x0000000048ea9000 	/usr/lib/libc++abi.dylib
0x0000000048ea9000 	/usr/lib/system/libcache.dylib
0x0000000048ea9000 	/usr/lib/system/libcommonCrypto.dylib
0x0000000048ea9000 	/usr/lib/system/libcompiler_rt.dylib
0x0000000048ea9000 	/usr/lib/system/libcopyfile.dylib
0x0000000048ea9000 	/usr/lib/system/libcorecrypto.dylib
0x0000000048ea9000 	/usr/lib/system/libdispatch.dylib
0x0000000048ea9000 	/usr/lib/system/libdyld.dylib
0x0000000048ea9000 	/usr/lib/system/libkeymgr.dylib
0x0000000048ea9000 	/usr/lib/system/liblaunch.dylib
0x0000000048ea9000 	/usr/lib/system/libmacho.dylib
0x0000000048ea9000 	/usr/lib/system/libquarantine.dylib
0x0000000048ea9000 	/usr/lib/system/libremovefile.dylib
0x0000000048ea9000 	/usr/lib/system/libsystem_asl.dylib
0x0000000048ea9000 	/usr/lib/system/libsystem_blocks.dylib
0x0000000048ea9000 	/usr/lib/system/libsystem_c.dylib
0x0000000048ea9000 	/usr/lib/system/libsystem_configuration.dylib
0x0000000048ea9000 	/usr/lib/system/libsystem_coreservices.dylib
0x0000000048ea9000 	/usr/lib/system/libsystem_coretls.dylib
0x0000000048ea9000 	/usr/lib/system/libsystem_dnssd.dylib
0x0000000048ea9000 	/usr/lib/system/libsystem_info.dylib
0x0000000048ea9000 	/usr/lib/system/libsystem_kernel.dylib
0x0000000048ea9000 	/usr/lib/system/libsystem_m.dylib
0x0000000048ea9000 	/usr/lib/system/libsystem_malloc.dylib
0x0000000048ea9000 	/usr/lib/system/libsystem_network.dylib
0x0000000048ea9000 	/usr/lib/system/libsystem_networkextension.dylib
0x0000000048ea9000 	/usr/lib/system/libsystem_notify.dylib
0x0000000048ea9000 	/usr/lib/system/libsystem_platform.dylib
0x0000000048ea9000 	/usr/lib/system/libsystem_pthread.dylib
0x0000000048ea9000 	/usr/lib/system/libsystem_sandbox.dylib
0x0000000048ea9000 	/usr/lib/system/libsystem_secinit.dylib
0x0000000048ea9000 	/usr/lib/system/libsystem_symptoms.dylib
0x0000000048ea9000 	/usr/lib/system/libsystem_trace.dylib
0x0000000048ea9000 	/usr/lib/system/libunwind.dylib
0x0000000048ea9000 	/usr/lib/system/libxpc.dylib
0x0000000048ea9000 	/usr/lib/libbsm.0.dylib
0x0000000048ea9000 	/usr/lib/system/libkxld.dylib
0x0000000048ea9000 	/usr/lib/libcoretls.dylib
0x0000000048ea9000 	/usr/lib/libcoretls_cfhelpers.dylib
0x0000000048ea9000 	/usr/lib/libOpenScriptingUtil.dylib
0x0000000048ea9000 	/usr/lib/libpam.2.dylib
0x0000000048ea9000 	/usr/lib/libsqlite3.dylib
0x0000000048ea9000 	/usr/lib/libxar.1.dylib
0x0000000048ea9000 	/usr/lib/libbz2.1.0.dylib
0x0000000048ea9000 	/usr/lib/liblzma.5.dylib
0x0000000048ea9000 	/usr/lib/libnetwork.dylib
0x0000000048ea9000 	/usr/lib/libpcap.A.dylib
0x0000000048ea9000 	/System/Library/Frameworks/CoreServices.framework/Versions/A/Frameworks/FSEvents.framework/Versions/A/FSEvents
0x0000000048ea9000 	/System/Library/Frameworks/CoreServices.framework/Versions/A/Frameworks/CarbonCore.framework/Versions/A/CarbonCore
0x0000000048ea9000 	/System/Library/Frameworks/CoreServices.framework/Versions/A/Frameworks/Metadata.framework/Versions/A/Metadata
0x0000000048ea9000 	/System/Library/Frameworks/CoreServices.framework/Versions/A/Frameworks/OSServices.framework/Versions/A/OSServices
0x0000000048ea9000 	/System/Library/Frameworks/CoreServices.framework/Versions/A/Frameworks/SearchKit.framework/Versions/A/SearchKit
0x0000000048ea9000 	/System/Library/Frameworks/CoreServices.framework/Versions/A/Frameworks/AE.framework/Versions/A/AE
0x0000000048ea9000 	/System/Library/Frameworks/CoreServices.framework/Versions/A/Frameworks/LaunchServices.framework/Versions/A/LaunchServices
0x0000000048ea9000 	/System/Library/Frameworks/CoreServices.framework/Versions/A/Frameworks/DictionaryServices.framework/Versions/A/DictionaryServices
0x0000000048ea9000 	/System/Library/Frameworks/CoreServices.framework/Versions/A/Frameworks/SharedFileList.framework/Versions/A/SharedFileList
0x0000000048ea9000 	/System/Library/Frameworks/NetFS.framework/Versions/A/NetFS
0x0000000048ea9000 	/System/Library/PrivateFrameworks/NetAuth.framework/Versions/A/NetAuth
0x0000000048ea9000 	/System/Library/PrivateFrameworks/login.framework/Versions/A/Frameworks/loginsupport.framework/Versions/A/loginsupport
0x0000000048ea9000 	/System/Library/PrivateFrameworks/TCC.framework/Versions/A/TCC
0x0000000048ea9000 	/usr/lib/libmecabra.dylib
0x0000000048ea9000 	/System/Library/Frameworks/ApplicationServices.framework/Versions/A/Frameworks/ATS.framework/Versions/A/ATS
0x0000000048ea9000 	/System/Library/Frameworks/ApplicationServices.framework/Versions/A/Frameworks/ColorSync.framework/Versions/A/ColorSync
0x0000000048ea9000 	/System/Library/Frameworks/ApplicationServices.framework/Versions/A/Frameworks/HIServices.framework/Versions/A/HIServices
0x0000000048ea9000 	/System/Library/Frameworks/ApplicationServices.framework/Versions/A/Frameworks/LangAnalysis.framework/Versions/A/LangAnalysis
0x0000000048ea9000 	/System/Library/Frameworks/ApplicationServices.framework/Versions/A/Frameworks/PrintCore.framework/Versions/A/PrintCore
0x0000000048ea9000 	/System/Library/Frameworks/ApplicationServices.framework/Versions/A/Frameworks/QD.framework/Versions/A/QD
0x0000000048ea9000 	/System/Library/Frameworks/ApplicationServices.framework/Versions/A/Frameworks/SpeechSynthesis.framework/Versions/A/SpeechSynthesis
0x0000000048ea9000 	/System/Library/Frameworks/Accelerate.framework/Versions/A/Frameworks/vImage.framework/Versions/A/vImage
0x0000000048ea9000 	/System/Library/Frameworks/Accelerate.framework/Versions/A/Frameworks/vecLib.framework/Versions/A/vecLib
0x0000000048ea9000 	/System/Library/Frameworks/Accelerate.framework/Versions/A/Frameworks/vecLib.framework/Versions/A/libvDSP.dylib
0x0000000048ea9000 	/System/Library/Frameworks/Accelerate.framework/Versions/A/Frameworks/vecLib.framework/Versions/A/libBNNS.dylib
0x0000000048ea9000 	/System/Library/Frameworks/Accelerate.framework/Versions/A/Frameworks/vecLib.framework/Versions/A/libQuadrature.dylib
0x0000000048ea9000 	/System/Library/Frameworks/Accelerate.framework/Versions/A/Frameworks/vecLib.framework/Versions/A/libvMisc.dylib
0x0000000048ea9000 	/System/Library/Frameworks/Accelerate.framework/Versions/A/Frameworks/vecLib.framework/Versions/A/libLAPACK.dylib
0x0000000048ea9000 	/System/Library/Frameworks/Accelerate.framework/Versions/A/Frameworks/vecLib.framework/Versions/A/libBLAS.dylib
0x0000000048ea9000 	/System/Library/Frameworks/Accelerate.framework/Versions/A/Frameworks/vecLib.framework/Versions/A/libLinearAlgebra.dylib
0x0000000048ea9000 	/System/Library/Frameworks/Accelerate.framework/Versions/A/Frameworks/vecLib.framework/Versions/A/libSparseBLAS.dylib
0x0000000048ea9000 	/System/Library/Frameworks/ApplicationServices.framework/Versions/A/Frameworks/ATS.framework/Versions/A/Resources/libFontParser.dylib
0x0000000048ea9000 	/System/Library/Frameworks/ApplicationServices.framework/Versions/A/Frameworks/ATS.framework/Versions/A/Resources/libFontRegistry.dylib
0x0000000048ea9000 	/System/Library/Frameworks/ImageIO.framework/Versions/A/Resources/libJPEG.dylib
0x0000000048ea9000 	/System/Library/Frameworks/ImageIO.framework/Versions/A/Resources/libTIFF.dylib
0x0000000048ea9000 	/System/Library/Frameworks/ImageIO.framework/Versions/A/Resources/libPng.dylib
0x0000000048ea9000 	/System/Library/Frameworks/ImageIO.framework/Versions/A/Resources/libGIF.dylib
0x0000000048ea9000 	/System/Library/Frameworks/ImageIO.framework/Versions/A/Resources/libJP2.dylib
0x0000000048ea9000 	/System/Library/Frameworks/ImageIO.framework/Versions/A/Resources/libRadiance.dylib
0x0000000048ea9000 	/usr/lib/libcompression.dylib
0x0000000048ea9000 	/System/Library/PrivateFrameworks/AppleJPEG.framework/Versions/A/AppleJPEG
0x0000000048ea9000 	/usr/lib/libcups.2.dylib
0x0000000048ea9000 	/System/Library/Frameworks/Kerberos.framework/Versions/A/Kerberos
0x0000000048ea9000 	/System/Library/Frameworks/GSS.framework/Versions/A/GSS
0x0000000048ea9000 	/usr/lib/libresolv.9.dylib
0x0000000048ea9000 	/usr/lib/libiconv.2.dylib
0x0000000048ea9000 	/System/Library/PrivateFrameworks/Heimdal.framework/Versions/A/Heimdal
0x0000000048ea9000 	/usr/lib/libheimdal-asn1.dylib
0x0000000048ea9000 	/System/Library/Frameworks/OpenDirectory.framework/Versions/A/OpenDirectory
0x0000000048ea9000 	/System/Library/PrivateFrameworks/CommonAuth.framework/Versions/A/CommonAuth
0x0000000048ea9000 	/System/Library/Frameworks/OpenDirectory.framework/Versions/A/Frameworks/CFOpenDirectory.framework/Versions/A/CFOpenDirectory
0x0000000048ea9000 	/System/Library/Frameworks/SecurityFoundation.framework/Versions/A/SecurityFoundation
0x0000000048ea9000 	/System/Library/PrivateFrameworks/LanguageModeling.framework/Versions/A/LanguageModeling
0x0000000048ea9000 	/usr/lib/libmarisa.dylib
0x0000000048ea9000 	/usr/lib/libChineseTokenizer.dylib
0x0000000048ea9000 	/usr/lib/libcmph.dylib
0x0000000048ea9000 	/System/Library/PrivateFrameworks/CoreEmoji.framework/Versions/A/CoreEmoji
0x0000000048ea9000 	/System/Library/Frameworks/ServiceManagement.framework/Versions/A/ServiceManagement
0x0000000048ea9000 	/usr/lib/libxslt.1.dylib
0x0000000048ea9000 	/System/Library/Frameworks/Carbon.framework/Versions/A/Frameworks/Ink.framework/Versions/A/Ink
0x0000000048ea9000 	/System/Library/PrivateFrameworks/TextureIO.framework/Versions/A/TextureIO
0x0000000048ea9000 	/System/Library/Frameworks/Metal.framework/Versions/A/Metal
0x0000000048ea9000 	/usr/lib/libate.dylib
0x0000000048ea9000 	/System/Library/PrivateFrameworks/GPUCompiler.framework/libmetal_timestamp.dylib
0x0000000048ea9000 	/System/Library/Frameworks/OpenGL.framework/Versions/A/Libraries/libCoreFSCache.dylib
0x0000000048ea9000 	/System/Library/PrivateFrameworks/IOAccelerator.framework/Versions/A/IOAccelerator
0x0000000048ea9000 	/System/Library/Frameworks/CoreVideo.framework/Versions/A/CoreVideo
0x0000000048ea9000 	/usr/lib/libFosl_dynamic.dylib
0x0000000048ea9000 	/System/Library/PrivateFrameworks/MetalPerformanceShaders.framework/Versions/A/MetalPerformanceShaders
0x0000000048ea9000 	/System/Library/PrivateFrameworks/FaceCore.framework/Versions/A/FaceCore
0x0000000048ea9000 	/System/Library/Frameworks/OpenCL.framework/Versions/A/OpenCL
0x0000000048ea9000 	/System/Library/Frameworks/OpenGL.framework/Versions/A/Libraries/libGLU.dylib
0x0000000048ea9000 	/System/Library/Frameworks/OpenGL.framework/Versions/A/Libraries/libGFXShared.dylib
0x0000000048ea9000 	/System/Library/Frameworks/OpenGL.framework/Versions/A/Libraries/libGL.dylib
0x0000000048ea9000 	/System/Library/Frameworks/OpenGL.framework/Versions/A/Libraries/libGLImage.dylib
0x0000000048ea9000 	/System/Library/Frameworks/OpenGL.framework/Versions/A/Libraries/libCVMSPluginSupport.dylib
0x0000000048ea9000 	/System/Library/Frameworks/OpenGL.framework/Versions/A/Libraries/libCoreVMClient.dylib
0x0000000048ea9000 	/System/Library/PrivateFrameworks/CrashReporterSupport.framework/Versions/A/CrashReporterSupport
0x0000000048ea9000 	/System/Library/PrivateFrameworks/Sharing.framework/Versions/A/Sharing
0x0000000048ea9000 	/System/Library/PrivateFrameworks/IconServices.framework/Versions/A/IconServices
0x0000000048ea9000 	/System/Library/PrivateFrameworks/ProtocolBuffer.framework/Versions/A/ProtocolBuffer
0x0000000048ea9000 	/System/Library/PrivateFrameworks/Apple80211.framework/Versions/A/Apple80211
0x0000000048ea9000 	/System/Library/Frameworks/CoreWLAN.framework/Versions/A/CoreWLAN
0x0000000048ea9000 	/System/Library/PrivateFrameworks/CoreUtils.framework/Versions/A/CoreUtils
0x0000000048ea9000 	/System/Library/Frameworks/IOBluetooth.framework/Versions/A/IOBluetooth
0x0000000048ea9000 	/System/Library/PrivateFrameworks/CoreWiFi.framework/Versions/A/CoreWiFi
0x0000000048ea9000 	/System/Library/Frameworks/CoreBluetooth.framework/Versions/A/CoreBluetooth
0x0000000048ea9000 	/System/Library/Frameworks/CoreDisplay.framework/Versions/A/CoreDisplay
0x0000000048ea9000 	/System/Library/PrivateFrameworks/IOPresentment.framework/Versions/A/IOPresentment
0x0000000048ea9000 	/System/Library/PrivateFrameworks/DSExternalDisplay.framework/Versions/A/DSExternalDisplay
0x0000000048ea9000 	/System/Library/PrivateFrameworks/DebugSymbols.framework/Versions/A/DebugSymbols
0x0000000048ea9000 	/System/Library/PrivateFrameworks/CoreSymbolication.framework/Versions/A/CoreSymbolication
0x0000000048ea9000 	/System/Library/PrivateFrameworks/Symbolication.framework/Versions/A/Symbolication
0x0000000048ea9000 	/System/Library/PrivateFrameworks/AppleFSCompression.framework/Versions/A/AppleFSCompression
0x0000000048ea9000 	/System/Library/PrivateFrameworks/SpeechRecognitionCore.framework/Versions/A/SpeechRecognitionCore
0x0000000048ea9000 	/System/Library/PrivateFrameworks/ChunkingLibrary.framework/Versions/A/ChunkingLibrary
0x0000000051861000 	/System/Library/CoreServices/Encodings/libKoreanConverter.dylib
0x000000010cc00000 	/Library/Java/JavaVirtualMachines/jdk1.8.0_65.jdk/Contents/Home/jre/lib/server/libjvm.dylib
0x0000000048ea9000 	/usr/lib/libstdc++.6.dylib
0x000000010c3b9000 	/Library/Java/JavaVirtualMachines/jdk1.8.0_65.jdk/Contents/Home/jre/lib/libverify.dylib
0x000000010c3c7000 	/Library/Java/JavaVirtualMachines/jdk1.8.0_65.jdk/Contents/Home/jre/lib/libjava.dylib
0x000000010db91000 	/Library/Java/JavaVirtualMachines/jdk1.8.0_65.jdk/Contents/Home/jre/lib/libzip.dylib
0x0000000111f93000 	/System/Library/Frameworks/JavaVM.framework/Frameworks/JavaRuntimeSupport.framework/JavaRuntimeSupport
0x0000000111fad000 	/System/Library/Frameworks/JavaVM.framework/Versions/A/Frameworks/JavaNativeFoundation.framework/Versions/A/JavaNativeFoundation
0x0000000111fc2000 	/System/Library/Frameworks/JavaVM.framework/Versions/A/JavaVM
0x0000000048ea9000 	/System/Library/Frameworks/Carbon.framework/Versions/A/Carbon
0x0000000111fcf000 	/System/Library/PrivateFrameworks/JavaLaunching.framework/Versions/A/JavaLaunching
0x0000000048ea9000 	/System/Library/Frameworks/Carbon.framework/Versions/A/Frameworks/CommonPanels.framework/Versions/A/CommonPanels
0x0000000048ea9000 	/System/Library/Frameworks/Carbon.framework/Versions/A/Frameworks/Help.framework/Versions/A/Help
0x0000000048ea9000 	/System/Library/Frameworks/Carbon.framework/Versions/A/Frameworks/ImageCapture.framework/Versions/A/ImageCapture
0x0000000048ea9000 	/System/Library/Frameworks/Carbon.framework/Versions/A/Frameworks/OpenScripting.framework/Versions/A/OpenScripting
0x0000000048ea9000 	/System/Library/Frameworks/Carbon.framework/Versions/A/Frameworks/Print.framework/Versions/A/Print
0x0000000048ea9000 	/System/Library/Frameworks/Carbon.framework/Versions/A/Frameworks/SecurityHI.framework/Versions/A/SecurityHI
0x0000000113974000 	/Library/Java/JavaVirtualMachines/jdk1.8.0_65.jdk/Contents/Home/jre/lib/libprism_es2.dylib
0x0000000048ea9000 	/System/Library/Frameworks/OpenGL.framework/Versions/A/Resources/GLEngine.bundle/GLEngine
0x0000000048ea9000 	/System/Library/Frameworks/OpenGL.framework/Versions/A/Libraries/libGLProgrammability.dylib
0x00000001139d9000 	/System/Library/Extensions/AppleIntelHD3000GraphicsGLDriver.bundle/Contents/MacOS/AppleIntelHD3000GraphicsGLDriver
0x0000000048ea9000 	/System/Library/PrivateFrameworks/GPUSupport.framework/Versions/A/Libraries/libGPUSupport.dylib
0x0000000048ea9000 	/System/Library/Frameworks/OpenGL.framework/Versions/A/Resources/GLRendererFloat.bundle/GLRendererFloat
0x0000000048ea9000 	/System/Library/Frameworks/OpenCL.framework/Versions/A/Libraries/libcldcpuengine.dylib
0x0000000048ea9000 	/usr/lib/libcrypto.0.9.8.dylib
0x0000000048ea9000 	/System/Library/PrivateFrameworks/TrustEvaluationAgent.framework/Versions/A/TrustEvaluationAgent
0x0000000114076000 	/Library/Java/JavaVirtualMachines/jdk1.8.0_65.jdk/Contents/Home/jre/lib/libglass.dylib
0x0000000048ea9000 	/System/Library/PrivateFrameworks/CoreServicesInternal.framework/Versions/A/CoreServicesInternal
0x0000000048ea9000 	/System/Library/CoreServices/RawCamera.bundle/Contents/MacOS/RawCamera
0x0000000048ea9000 	/System/Library/Frameworks/Accelerate.framework/Versions/A/Frameworks/vImage.framework/Versions/A/Libraries/libCGInterfaces.dylib
0x0000000048ea9000 	/System/Library/PrivateFrameworks/FamilyControls.framework/Versions/A/FamilyControls
0x0000000048ea9000 	/System/Library/PrivateFrameworks/CommerceKit.framework/Versions/A/Frameworks/CommerceCore.framework/Versions/A/CommerceCore
0x0000000048ea9000 	/System/Library/PrivateFrameworks/SystemAdministration.framework/Versions/A/SystemAdministration
0x0000000048ea9000 	/System/Library/PrivateFrameworks/AppContainer.framework/Versions/A/AppContainer
0x0000000048ea9000 	/System/Library/PrivateFrameworks/SecCodeWrapper.framework/Versions/A/SecCodeWrapper
0x0000000048ea9000 	/System/Library/Frameworks/DirectoryService.framework/Versions/A/DirectoryService
0x0000000048ea9000 	/System/Library/PrivateFrameworks/DiskImages.framework/Versions/A/DiskImages
0x0000000048ea9000 	/System/Library/PrivateFrameworks/LoginUIKit.framework/Versions/A/Frameworks/LoginUICore.framework/Versions/A/LoginUICore
0x0000000048ea9000 	/usr/lib/libCoreStorage.dylib
0x0000000048ea9000 	/usr/lib/libcsfde.dylib
0x0000000048ea9000 	/usr/lib/libodfde.dylib
0x0000000048ea9000 	/System/Library/Frameworks/DiscRecording.framework/Versions/A/DiscRecording
0x0000000048ea9000 	/usr/lib/libcurl.4.dylib
0x0000000048ea9000 	/System/Library/PrivateFrameworks/MediaKit.framework/Versions/A/MediaKit
0x0000000048ea9000 	/System/Library/PrivateFrameworks/ProtectedCloudStorage.framework/Versions/A/ProtectedCloudStorage
0x0000000048ea9000 	/System/Library/PrivateFrameworks/EFILogin.framework/Versions/A/EFILogin
0x0000000048ea9000 	/usr/lib/libutil.dylib
0x0000000048ea9000 	/System/Library/Frameworks/LDAP.framework/Versions/A/LDAP
0x0000000048ea9000 	/usr/lib/libsasl2.2.dylib
0x0000000048ea9000 	/System/Library/PrivateFrameworks/CoreDaemon.framework/Versions/B/CoreDaemon
0x0000000048ea9000 	/System/Library/PrivateFrameworks/AppleSRP.framework/Versions/A/AppleSRP
0x0000000048ea9000 	/System/Library/PrivateFrameworks/APFS.framework/Versions/A/APFS
0x000000011725a000 	/Library/Java/JavaVirtualMachines/jdk1.8.0_65.jdk/Contents/Home/jre/lib/libglib-lite.dylib
0x000000011737b000 	/Library/Java/JavaVirtualMachines/jdk1.8.0_65.jdk/Contents/Home/jre/lib/libgstreamer-lite.dylib
0x00000001174f3000 	/Library/Java/JavaVirtualMachines/jdk1.8.0_65.jdk/Contents/Home/jre/lib/libjfxmedia.dylib
0x000000011752e000 	/Library/Java/JavaVirtualMachines/jdk1.8.0_65.jdk/Contents/Home/jre/lib/libjfxmedia_avf.dylib
0x0000000048ea9000 	/System/Library/Frameworks/AVFoundation.framework/Versions/A/AVFoundation
0x0000000048ea9000 	/System/Library/Frameworks/CoreMedia.framework/Versions/A/CoreMedia
0x0000000048ea9000 	/System/Library/Frameworks/MediaToolbox.framework/Versions/A/MediaToolbox
0x0000000048ea9000 	/System/Library/Frameworks/AVFoundation.framework/Versions/A/Frameworks/AVFAudio.framework/Versions/A/AVFAudio
0x0000000048ea9000 	/System/Library/Frameworks/VideoToolbox.framework/Versions/A/VideoToolbox
0x0000000048ea9000 	/System/Library/PrivateFrameworks/IntlPreferences.framework/Versions/A/IntlPreferences
0x0000000048ea9000 	/System/Library/Frameworks/CoreMediaIO.framework/Versions/A/CoreMediaIO
0x0000000048ea9000 	/usr/lib/libspindump.dylib
0x0000000048ea9000 	/usr/lib/libdscsym.dylib
0x0000000048ea9000 	/System/Library/PrivateFrameworks/CoreAVCHD.framework/Versions/A/CoreAVCHD
0x0000000048ea9000 	/System/Library/Frameworks/MediaAccessibility.framework/Versions/A/MediaAccessibility
0x0000000048ea9000 	/System/Library/PrivateFrameworks/Mangrove.framework/Versions/A/Mangrove
0x0000000048ea9000 	/System/Library/PrivateFrameworks/CoreAUC.framework/Versions/A/CoreAUC
0x0000000048ea9000 	/System/Library/PrivateFrameworks/AppleVA.framework/Versions/A/AppleVA
0x0000000048ea9000 	/System/Library/PrivateFrameworks/XPCService.framework/Versions/A/XPCService
0x0000000048ea9000 	/System/Library/PrivateFrameworks/AppSandbox.framework/Versions/A/AppSandbox
0x0000000048ea9000 	/usr/lib/libsandbox.1.dylib
0x0000000048ea9000 	/usr/lib/libMatch.1.dylib
0x00000001140d8000 	/Library/Java/JavaVirtualMachines/jdk1.8.0_65.jdk/Contents/Home/jre/lib/libjfxmedia_qtkit.dylib
0x0000000048ea9000 	/System/Library/Frameworks/QTKit.framework/Versions/A/QTKit
0x0000000048ea9000 	/System/Library/PrivateFrameworks/CoreMediaAuthoring.framework/Versions/A/CoreMediaAuthoring
0x0000000117563000 	/Library/Java/JavaVirtualMachines/jdk1.8.0_65.jdk/Contents/Home/jre/lib/libfxplugins.dylib
0x00000001140ea000 	/System/Library/Frameworks/VideoDecodeAcceleration.framework/Versions/A/VideoDecodeAcceleration
0x000000011758e000 	/Library/Java/JavaVirtualMachines/jdk1.8.0_65.jdk/Contents/Home/jre/lib/libnet.dylib
0x00000001175ed000 	/Library/Java/JavaVirtualMachines/jdk1.8.0_65.jdk/Contents/Home/jre/lib/libnio.dylib
0x00000001142eb000 	/System/Library/Extensions/AppleHDA.kext/Contents/PlugIns/AppleHDAHALPlugIn.bundle/Contents/MacOS/AppleHDAHALPlugIn
0x000000011761a000 	/System/Library/Components/CoreAudio.component/Contents/MacOS/CoreAudio
0x0000000048ea9000 	/System/Library/PrivateFrameworks/AppleGVA.framework/Versions/A/AppleGVA
0x000000011795a000 	/System/Library/Components/AudioCodecs.component/Contents/MacOS/AudioCodecs
0x0000000117fb0000 	/Library/Java/JavaVirtualMachines/jdk1.8.0_65.jdk/Contents/Home/jre/lib/libjavafx_font.dylib
0x0000000048ea9000 	/System/Library/Frameworks/ApplicationServices.framework/Versions/A/Frameworks/ATS.framework/Versions/A/Resources/libTrueTypeScaler.dylib
0x0000000048ea9000 	/System/Library/PrivateFrameworks/ViewBridge.framework/Versions/A/ViewBridge
0x000000012c64d000 	/Library/Java/JavaVirtualMachines/jdk1.8.0_65.jdk/Contents/Home/jre/lib/libprism_common.dylib

VM Arguments:
jvm_args: -Dfile.encoding=UTF-8 
java_command: ch17.homework04.AppMain
java_class_path (initial): /Users/ijeongsu/Desktop/NetBeansWorkspace/JavaFXProgramming/build/classes
Launcher Type: SUN_STANDARD

Environment Variables:
PATH=/usr/bin:/bin:/usr/sbin:/sbin
LD_LIBRARY_PATH=/Library/Java/JavaVirtualMachines/jdk1.8.0_65.jdk/Contents/Home/jre/lib/amd64:/Library/Java/JavaVirtualMachines/jdk1.8.0_65.jdk/Contents/Home/jre/lib/i386:
SHELL=/bin/bash

Signal Handlers:
SIGSEGV: [libjvm.dylib+0x5a6d31], sa_mask[0]=11111111011111110111111111111111, sa_flags=SA_ONSTACK|SA_RESTART|SA_SIGINFO
SIGBUS: [libjvm.dylib+0x5a6d31], sa_mask[0]=11111111011111110111111111111111, sa_flags=SA_RESTART|SA_SIGINFO
SIGFPE: [libjvm.dylib+0x480a40], sa_mask[0]=11111111011111110111111111111111, sa_flags=SA_RESTART|SA_SIGINFO
SIGPIPE: [libjvm.dylib+0x480a40], sa_mask[0]=11111111011111110111111111111111, sa_flags=SA_RESTART|SA_SIGINFO
SIGXFSZ: [libjvm.dylib+0x480a40], sa_mask[0]=11111111011111110111111111111111, sa_flags=SA_RESTART|SA_SIGINFO
SIGILL: [libjvm.dylib+0x480a40], sa_mask[0]=11111111011111110111111111111111, sa_flags=SA_RESTART|SA_SIGINFO
SIGUSR1: SIG_DFL, sa_mask[0]=00000000000000000000000000000000, sa_flags=none
SIGUSR2: [libjvm.dylib+0x48055e], sa_mask[0]=00100000000000000000000000000000, sa_flags=SA_RESTART|SA_SIGINFO
SIGHUP: [libjvm.dylib+0x47eb35], sa_mask[0]=11111111011111110111111111111111, sa_flags=SA_RESTART|SA_SIGINFO
SIGINT: SIG_IGN, sa_mask[0]=00000000000000000000000000000000, sa_flags=none
SIGTERM: [libjvm.dylib+0x47eb35], sa_mask[0]=11111111011111110111111111111111, sa_flags=SA_RESTART|SA_SIGINFO
SIGQUIT: [libjvm.dylib+0x47eb35], sa_mask[0]=11111111011111110111111111111111, sa_flags=SA_RESTART|SA_SIGINFO


---------------  S Y S T E M  ---------------

OS:Bsduname:Darwin 16.5.0 Darwin Kernel Version 16.5.0: Fri Mar  3 16:52:33 PST 2017; root:xnu-3789.51.2~3/RELEASE_X86_64 x86_64
rlimit: STACK 8192k, CORE 0k, NPROC 709, NOFILE 10240, AS infinity
load average:1.94 1.68 1.58

CPU:total 4 (2 cores per cpu, 2 threads per core) family 6 model 42 stepping 7, cmov, cx8, fxsr, mmx, sse, sse2, sse3, ssse3, sse4.1, sse4.2, popcnt, avx, aes, clmul, ht, tsc, tscinvbit

Memory: 4k page, physical 4194304k(67928k free)

/proc/meminfo:


vm_info: Java HotSpot(TM) 64-Bit Server VM (25.65-b01) for bsd-amd64 JRE (1.8.0_65-b17), built on Oct  6 2015 15:36:46 by "java_re" with gcc 4.2.1 (Based on Apple Inc. build 5658) (LLVM build 2336.11.00)

time: Thu Apr 20 09:56:52 2017
elapsed time: 12 seconds (0d 0h 0m 12s)

